  [1m[36m (36.9ms)[0m  [1mCREATE TABLE "schema_migrations" ("version" varchar(255) NOT NULL) [0m
  [1m[35m (13.1ms)[0m  CREATE UNIQUE INDEX "unique_schema_migrations" ON "schema_migrations" ("version")
  [1m[36mActiveRecord::SchemaMigration Load (0.1ms)[0m  [1mSELECT "schema_migrations".* FROM "schema_migrations"[0m
Migrating to CreateBooks (20140320172939)
  [1m[35m (0.1ms)[0m  begin transaction
  [1m[36m (0.3ms)[0m  [1mCREATE TABLE "books" ("id" INTEGER PRIMARY KEY AUTOINCREMENT NOT NULL, "author" varchar(255), "title" varchar(255), "isbn" varchar(255), "price" integer, "created_at" datetime, "updated_at" datetime) [0m
  [1m[35mSQL (0.1ms)[0m  INSERT INTO "schema_migrations" ("version") VALUES (?)  [["version", "20140320172939"]]
  [1m[36m (14.7ms)[0m  [1mcommit transaction[0m
Migrating to AddCoverToBooks (20140320173057)
  [1m[35m (0.1ms)[0m  begin transaction
  [1m[36m (0.3ms)[0m  [1mALTER TABLE "books" ADD "cover" varchar(255)[0m
  [1m[35mSQL (0.2ms)[0m  INSERT INTO "schema_migrations" ("version") VALUES (?)  [["version", "20140320173057"]]
  [1m[36m (14.6ms)[0m  [1mcommit transaction[0m
  [1m[35mActiveRecord::SchemaMigration Load (0.1ms)[0m  SELECT "schema_migrations".* FROM "schema_migrations"


Started GET "/books" for 127.0.0.1 at 2014-03-21 08:42:33 +0100
  [1m[36mActiveRecord::SchemaMigration Load (0.5ms)[0m  [1mSELECT "schema_migrations".* FROM "schema_migrations"[0m
Processing by BooksController#index as HTML
  [1m[35mBook Load (0.7ms)[0m  SELECT "books".* FROM "books"
  Rendered books/index.html.erb within layouts/application (8.5ms)
Completed 500 Internal Server Error in 382ms

ActionView::Template::Error (couldn't find file 'turbolinks'
  (in /home/jochan/ruby/my_books2/app/assets/javascripts/application.js:15)):
    3: <head>
    4:   <title>Books</title>
    5:   <%= stylesheet_link_tag    "application", media: "all", "data-turbolinks-track" => true %>
    6:   <%= javascript_include_tag "application", "data-turbolinks-track" => true %>
    7:   <%= csrf_meta_tags %>
    8: </head>
    9: <body>
  app/views/layouts/application.html.erb:6:in `_app_views_layouts_application_html_erb___4554670840080089112_48611640'


  Rendered /home/jochan/.rvm/gems/ruby-2.1.1/gems/actionpack-4.0.3/lib/action_dispatch/middleware/templates/rescues/_trace.erb (4.0ms)
  Rendered /home/jochan/.rvm/gems/ruby-2.1.1/gems/actionpack-4.0.3/lib/action_dispatch/middleware/templates/rescues/_request_and_response.erb (81.3ms)
  Rendered /home/jochan/.rvm/gems/ruby-2.1.1/gems/actionpack-4.0.3/lib/action_dispatch/middleware/templates/rescues/template_error.erb within rescues/layout (123.2ms)


Started GET "/books" for 127.0.0.1 at 2014-03-21 08:44:11 +0100
Processing by BooksController#index as HTML
  [1m[36mBook Load (0.5ms)[0m  [1mSELECT "books".* FROM "books"[0m
  Rendered books/index.html.erb within layouts/application (4.0ms)
Completed 500 Internal Server Error in 58ms

ActionView::Template::Error (couldn't find file 'turbolinks'
  (in /home/jochan/ruby/my_books2/app/assets/javascripts/application.js:15)):
    3: <head>
    4:   <title>Books</title>
    5:   <%= stylesheet_link_tag    "application", media: "all", "data-turbolinks-track" => true %>
    6:   <%= javascript_include_tag "application", "data-turbolinks-track" => true %>
    7:   <%= csrf_meta_tags %>
    8: </head>
    9: <body>
  app/views/layouts/application.html.erb:6:in `_app_views_layouts_application_html_erb___4554670840080089112_48611640'


  Rendered /home/jochan/.rvm/gems/ruby-2.1.1/gems/actionpack-4.0.3/lib/action_dispatch/middleware/templates/rescues/_trace.erb (4.9ms)
  Rendered /home/jochan/.rvm/gems/ruby-2.1.1/gems/actionpack-4.0.3/lib/action_dispatch/middleware/templates/rescues/_request_and_response.erb (5.2ms)
  Rendered /home/jochan/.rvm/gems/ruby-2.1.1/gems/actionpack-4.0.3/lib/action_dispatch/middleware/templates/rescues/template_error.erb within rescues/layout (42.9ms)


Started GET "/books" for 127.0.0.1 at 2014-03-21 08:44:23 +0100
  [1m[36mActiveRecord::SchemaMigration Load (0.6ms)[0m  [1mSELECT "schema_migrations".* FROM "schema_migrations"[0m
Processing by BooksController#index as HTML
  [1m[35mBook Load (0.5ms)[0m  SELECT "books".* FROM "books"
  Rendered books/index.html.erb within layouts/application (9.1ms)
Completed 500 Internal Server Error in 239ms

ActionView::Template::Error (couldn't find file 'turbolinks'
  (in /home/jochan/ruby/my_books2/app/assets/javascripts/application.js:15)):
    3: <head>
    4:   <title>Books</title>
    5:   <%= stylesheet_link_tag    "application", media: "all", "data-turbolinks-track" => true %>
    6:   <%= javascript_include_tag "application", "data-turbolinks-track" => true %>
    7:   <%= csrf_meta_tags %>
    8: </head>
    9: <body>
  app/views/layouts/application.html.erb:6:in `_app_views_layouts_application_html_erb__2925852630305931879_45072700'


  Rendered /home/jochan/.rvm/gems/ruby-2.1.1/gems/actionpack-4.0.3/lib/action_dispatch/middleware/templates/rescues/_trace.erb (4.9ms)
  Rendered /home/jochan/.rvm/gems/ruby-2.1.1/gems/actionpack-4.0.3/lib/action_dispatch/middleware/templates/rescues/_request_and_response.erb (90.3ms)
  Rendered /home/jochan/.rvm/gems/ruby-2.1.1/gems/actionpack-4.0.3/lib/action_dispatch/middleware/templates/rescues/template_error.erb within rescues/layout (125.6ms)


Started GET "/books" for 127.0.0.1 at 2014-03-21 08:51:07 +0100
Processing by BooksController#index as HTML
  [1m[36mBook Load (1.9ms)[0m  [1mSELECT "books".* FROM "books"[0m
  Rendered books/index.html.erb within layouts/application (7.2ms)
Completed 500 Internal Server Error in 172ms

ActionView::Template::Error (couldn't find file 'turbolinks'
  (in /home/jochan/ruby/my_books2/app/assets/javascripts/application.js:15)):
    3: <head>
    4:   <title>Books</title>
    5:   <%= stylesheet_link_tag    "application", media: "all", "data-turbolinks-track" => true %>
    6:   <%= javascript_include_tag "application", "data-turbolinks-track" => true %>
    7:   <%= csrf_meta_tags %>
    8: </head>
    9: <body>
  app/views/layouts/application.html.erb:6:in `_app_views_layouts_application_html_erb__2925852630305931879_45072700'


  Rendered /home/jochan/.rvm/gems/ruby-2.1.1/gems/actionpack-4.0.3/lib/action_dispatch/middleware/templates/rescues/_trace.erb (4.4ms)
  Rendered /home/jochan/.rvm/gems/ruby-2.1.1/gems/actionpack-4.0.3/lib/action_dispatch/middleware/templates/rescues/_request_and_response.erb (4.7ms)
  Rendered /home/jochan/.rvm/gems/ruby-2.1.1/gems/actionpack-4.0.3/lib/action_dispatch/middleware/templates/rescues/template_error.erb within rescues/layout (39.7ms)


Started GET "/books" for 127.0.0.1 at 2014-03-21 08:51:22 +0100
  [1m[36mActiveRecord::SchemaMigration Load (0.5ms)[0m  [1mSELECT "schema_migrations".* FROM "schema_migrations"[0m
Processing by BooksController#index as HTML
  [1m[35mBook Load (0.8ms)[0m  SELECT "books".* FROM "books"
  Rendered books/index.html.erb within layouts/application (10.3ms)
Completed 500 Internal Server Error in 240ms

ActionView::Template::Error (couldn't find file 'turbolinks'
  (in /home/jochan/ruby/my_books2/app/assets/javascripts/application.js:15)):
    3: <head>
    4:   <title>Books</title>
    5:   <%= stylesheet_link_tag    "application", media: "all", "data-turbolinks-track" => true %>
    6:   <%= javascript_include_tag "application", "data-turbolinks-track" => true %>
    7:   <%= csrf_meta_tags %>
    8: </head>
    9: <body>
  app/views/layouts/application.html.erb:6:in `_app_views_layouts_application_html_erb__3626485344148893919_50893480'


  Rendered /home/jochan/.rvm/gems/ruby-2.1.1/gems/actionpack-4.0.3/lib/action_dispatch/middleware/templates/rescues/_trace.erb (6.8ms)
  Rendered /home/jochan/.rvm/gems/ruby-2.1.1/gems/actionpack-4.0.3/lib/action_dispatch/middleware/templates/rescues/_request_and_response.erb (78.0ms)
  Rendered /home/jochan/.rvm/gems/ruby-2.1.1/gems/actionpack-4.0.3/lib/action_dispatch/middleware/templates/rescues/template_error.erb within rescues/layout (117.0ms)


Started GET "/books" for 127.0.0.1 at 2014-03-21 08:52:54 +0100
  [1m[36mActiveRecord::SchemaMigration Load (2.8ms)[0m  [1mSELECT "schema_migrations".* FROM "schema_migrations"[0m
Processing by BooksController#index as HTML
  [1m[35mBook Load (0.7ms)[0m  SELECT "books".* FROM "books"
  Rendered books/index.html.erb within layouts/application (8.8ms)
Completed 200 OK in 1848ms (Views: 1648.9ms | ActiveRecord: 0.7ms)


Started GET "/" for 127.0.0.1 at 2014-03-21 08:55:14 +0100
Processing by BooksController#index as HTML
  [1m[36mBook Load (0.7ms)[0m  [1mSELECT "books".* FROM "books"[0m
  Rendered books/_book.html.erb (0.1ms)
  Rendered books/index.html.erb within layouts/application (44.1ms)
Completed 200 OK in 68ms (Views: 65.1ms | ActiveRecord: 0.7ms)


Started GET "/" for 127.0.0.1 at 2014-03-21 08:58:20 +0100
  [1m[36mActiveRecord::SchemaMigration Load (0.5ms)[0m  [1mSELECT "schema_migrations".* FROM "schema_migrations"[0m
Processing by BooksController#index as HTML
  [1m[35mBook Load (0.6ms)[0m  SELECT "books".* FROM "books"
  Rendered books/_book.html.erb (0.1ms)
  Rendered books/index.html.erb within layouts/application (32.9ms)
Completed 200 OK in 341ms (Views: 165.9ms | ActiveRecord: 0.6ms)


Started GET "/books/new" for 127.0.0.1 at 2014-03-21 08:58:23 +0100
Processing by BooksController#new as HTML
  Rendered books/_form.html.erb (232.6ms)
  Rendered books/new.html.erb within layouts/application (240.7ms)
Completed 200 OK in 264ms (Views: 258.5ms | ActiveRecord: 1.4ms)


Started POST "/books" for 127.0.0.1 at 2014-03-21 08:58:40 +0100
Processing by BooksController#create as HTML
  Parameters: {"utf8"=>"✓", "authenticity_token"=>"j2ejYhUiUEnL/wKKVqeJaTsQci2/LHQOubf76bKGhI0=", "book"=>{"cover"=>#<ActionDispatch::Http::UploadedFile:0x00000004000e20 @tempfile=#<Tempfile:/tmp/RackMultipart20140321-6617-18pyi2m>, @original_filename="untitled.png", @content_type="image/png", @headers="Content-Disposition: form-data; name=\"book[cover]\"; filename=\"untitled.png\"\r\nContent-Type: image/png\r\n">, "cover_cache"=>"", "remote_cover_url"=>"", "author"=>"ee", "title"=>"eeee", "isbn"=>"e", "price"=>"2"}, "commit"=>"Create Book"}
  [1m[36m (1.5ms)[0m  [1mbegin transaction[0m
  [1m[35mSQL (7.7ms)[0m  INSERT INTO "books" ("author", "cover", "created_at", "isbn", "price", "title", "updated_at") VALUES (?, ?, ?, ?, ?, ?, ?)  [["author", "ee"], ["cover", "untitled.png"], ["created_at", Fri, 21 Mar 2014 07:58:41 UTC +00:00], ["isbn", "e"], ["price", 2], ["title", "eeee"], ["updated_at", Fri, 21 Mar 2014 07:58:41 UTC +00:00]]
  [1m[36m (94.5ms)[0m  [1mcommit transaction[0m
Redirected to http://localhost:3000/books/1
Completed 302 Found in 1279ms (ActiveRecord: 103.6ms)


Started GET "/books/1" for 127.0.0.1 at 2014-03-21 08:58:42 +0100
Processing by BooksController#show as HTML
  Parameters: {"id"=>"1"}
  [1m[35mBook Load (0.7ms)[0m  SELECT "books".* FROM "books" WHERE "books"."id" = ? LIMIT 1  [["id", "1"]]
  Rendered books/show.html.erb within layouts/application (10.2ms)
Completed 200 OK in 44ms (Views: 33.4ms | ActiveRecord: 0.7ms)


Started GET "/books" for 127.0.0.1 at 2014-03-21 08:58:47 +0100
Processing by BooksController#index as HTML
  [1m[36mBook Load (0.8ms)[0m  [1mSELECT "books".* FROM "books"[0m
  Rendered books/_book.html.erb (7.9ms)
  Rendered books/index.html.erb within layouts/application (22.4ms)
Completed 200 OK in 42ms (Views: 39.0ms | ActiveRecord: 0.8ms)


Started DELETE "/books/1" for 127.0.0.1 at 2014-03-21 08:59:58 +0100
Processing by BooksController#destroy as HTML
  Parameters: {"authenticity_token"=>"j2ejYhUiUEnL/wKKVqeJaTsQci2/LHQOubf76bKGhI0=", "id"=>"1"}
  [1m[35mBook Load (0.4ms)[0m  SELECT "books".* FROM "books" WHERE "books"."id" = ? LIMIT 1  [["id", "1"]]
  [1m[36m (0.2ms)[0m  [1mbegin transaction[0m
  [1m[35mSQL (1.1ms)[0m  DELETE FROM "books" WHERE "books"."id" = ?  [["id", 1]]
  [1m[36m (100.5ms)[0m  [1mcommit transaction[0m
Redirected to http://localhost:3000/books
Completed 302 Found in 126ms (ActiveRecord: 102.2ms)


Started GET "/books" for 127.0.0.1 at 2014-03-21 08:59:58 +0100
Processing by BooksController#index as HTML
  [1m[35mBook Load (0.5ms)[0m  SELECT "books".* FROM "books"
  Rendered books/_book.html.erb (0.1ms)
  Rendered books/index.html.erb within layouts/application (9.8ms)
Completed 200 OK in 35ms (Views: 32.0ms | ActiveRecord: 0.5ms)


Started GET "/books" for 127.0.0.1 at 2014-03-21 09:05:54 +0100
Processing by BooksController#index as HTML
  [1m[36mBook Load (1.7ms)[0m  [1mSELECT "books".* FROM "books"[0m
  Rendered books/_book.html.erb (0.2ms)
  Rendered books/index.html.erb within layouts/application (23.1ms)
Completed 200 OK in 247ms (Views: 213.8ms | ActiveRecord: 1.7ms)


Started GET "/books/new" for 127.0.0.1 at 2014-03-21 09:07:05 +0100
Processing by BooksController#new as HTML
  Rendered books/_form.html.erb (82.5ms)
  Rendered books/new.html.erb within layouts/application (88.3ms)
Completed 200 OK in 119ms (Views: 110.5ms | ActiveRecord: 2.0ms)


Started POST "/books" for 127.0.0.1 at 2014-03-21 09:07:13 +0100
Processing by BooksController#create as HTML
  Parameters: {"utf8"=>"✓", "authenticity_token"=>"j2ejYhUiUEnL/wKKVqeJaTsQci2/LHQOubf76bKGhI0=", "book"=>{"cover"=>#<ActionDispatch::Http::UploadedFile:0x00000003f471f0 @tempfile=#<Tempfile:/tmp/RackMultipart20140321-6617-1p7rc3q>, @original_filename="untitled.png", @content_type="image/png", @headers="Content-Disposition: form-data; name=\"book[cover]\"; filename=\"untitled.png\"\r\nContent-Type: image/png\r\n">, "cover_cache"=>"", "remote_cover_url"=>"", "author"=>"d", "title"=>"", "isbn"=>"", "price"=>""}, "commit"=>"Create Book"}
  [1m[35m (0.3ms)[0m  begin transaction
  [1m[36mSQL (2.9ms)[0m  [1mINSERT INTO "books" ("author", "cover", "created_at", "isbn", "title", "updated_at") VALUES (?, ?, ?, ?, ?, ?)[0m  [["author", "d"], ["cover", "untitled.png"], ["created_at", Fri, 21 Mar 2014 08:07:14 UTC +00:00], ["isbn", ""], ["title", ""], ["updated_at", Fri, 21 Mar 2014 08:07:14 UTC +00:00]]
  [1m[35m (64.1ms)[0m  commit transaction
Redirected to http://localhost:3000/books/2
Completed 302 Found in 1252ms (ActiveRecord: 67.3ms)


Started GET "/books/2" for 127.0.0.1 at 2014-03-21 09:07:14 +0100
Processing by BooksController#show as HTML
  Parameters: {"id"=>"2"}
  [1m[36mBook Load (0.8ms)[0m  [1mSELECT "books".* FROM "books" WHERE "books"."id" = ? LIMIT 1[0m  [["id", "2"]]
  Rendered books/show.html.erb within layouts/application (4.7ms)
Completed 200 OK in 33ms (Views: 23.2ms | ActiveRecord: 0.8ms)


Started GET "/books" for 127.0.0.1 at 2014-03-21 09:07:17 +0100
Processing by BooksController#index as HTML
  [1m[35mBook Load (1.5ms)[0m  SELECT "books".* FROM "books"
  Rendered books/_book.html.erb (5.5ms)
  Rendered books/index.html.erb within layouts/application (14.4ms)
Completed 200 OK in 32ms (Views: 29.1ms | ActiveRecord: 1.5ms)


Started GET "/books/2/crop" for 127.0.0.1 at 2014-03-21 09:07:32 +0100
Processing by BooksController#crop as HTML
  Parameters: {"id"=>"2"}
  [1m[36mBook Load (1.4ms)[0m  [1mSELECT "books".* FROM "books" WHERE "books"."id" = ? LIMIT 1[0m  [["id", "2"]]
  Rendered books/crop.html.erb within layouts/application (33.3ms)
Completed 500 Internal Server Error in 51ms

ActionView::Template::Error (undefined method `crop_x' for #<Book:0x00000003184b80>):
    4: 
    5: <%= simple_form_for @book, html: { id: "coords" } do |f| %>
    6: <% %w[x y w h].each do |attr| %>
    7:   <%= f.input "crop_#{attr}" %>
    8: <% end %>
    9:   <div class="form-actions">
   10:     <%= f.submit "Crop" %>
  app/views/books/crop.html.erb:7:in `block (2 levels) in _app_views_books_crop_html_erb___4490981080142661706_25938420'
  app/views/books/crop.html.erb:6:in `each'
  app/views/books/crop.html.erb:6:in `block in _app_views_books_crop_html_erb___4490981080142661706_25938420'
  app/views/books/crop.html.erb:5:in `_app_views_books_crop_html_erb___4490981080142661706_25938420'


  Rendered /home/jochan/.rvm/gems/ruby-2.1.1/gems/actionpack-4.0.3/lib/action_dispatch/middleware/templates/rescues/_trace.erb (9.4ms)
  Rendered /home/jochan/.rvm/gems/ruby-2.1.1/gems/actionpack-4.0.3/lib/action_dispatch/middleware/templates/rescues/_request_and_response.erb (13.7ms)
  Rendered /home/jochan/.rvm/gems/ruby-2.1.1/gems/actionpack-4.0.3/lib/action_dispatch/middleware/templates/rescues/template_error.erb within rescues/layout (63.8ms)


Started GET "/books/2/crop" for 127.0.0.1 at 2014-03-21 09:08:23 +0100
Processing by BooksController#crop as HTML
  Parameters: {"id"=>"2"}
  [1m[35mBook Load (0.3ms)[0m  SELECT "books".* FROM "books" WHERE "books"."id" = ? LIMIT 1  [["id", "2"]]
  Rendered books/crop.html.erb within layouts/application (28.7ms)
Completed 200 OK in 56ms (Views: 49.8ms | ActiveRecord: 0.3ms)


Started PATCH "/books/2" for 127.0.0.1 at 2014-03-21 09:08:36 +0100
Processing by BooksController#update as HTML
  Parameters: {"utf8"=>"✓", "authenticity_token"=>"j2ejYhUiUEnL/wKKVqeJaTsQci2/LHQOubf76bKGhI0=", "commit"=>"Crop", "id"=>"2"}
  [1m[36mBook Load (0.4ms)[0m  [1mSELECT "books".* FROM "books" WHERE "books"."id" = ? LIMIT 1[0m  [["id", "2"]]
Completed 400 Bad Request in 5ms

ActionController::ParameterMissing (param not found: book):
  app/controllers/books_controller.rb:76:in `book_params'
  app/controllers/books_controller.rb:48:in `block in update'
  app/controllers/books_controller.rb:47:in `update'


  Rendered /home/jochan/.rvm/gems/ruby-2.1.1/gems/actionpack-4.0.3/lib/action_dispatch/middleware/templates/rescues/_source.erb (7.0ms)
  Rendered /home/jochan/.rvm/gems/ruby-2.1.1/gems/actionpack-4.0.3/lib/action_dispatch/middleware/templates/rescues/_trace.erb (6.2ms)
  Rendered /home/jochan/.rvm/gems/ruby-2.1.1/gems/actionpack-4.0.3/lib/action_dispatch/middleware/templates/rescues/_request_and_response.erb (4.9ms)
  Rendered /home/jochan/.rvm/gems/ruby-2.1.1/gems/actionpack-4.0.3/lib/action_dispatch/middleware/templates/rescues/diagnostics.erb within rescues/layout (73.5ms)


Started GET "/books" for 127.0.0.1 at 2014-03-21 09:14:38 +0100
Processing by BooksController#index as HTML
  [1m[35mBook Load (1.3ms)[0m  SELECT "books".* FROM "books"
  Rendered books/_book.html.erb (6.3ms)
  Rendered books/index.html.erb within layouts/application (41.5ms)
Completed 200 OK in 85ms (Views: 58.9ms | ActiveRecord: 2.4ms)


Started DELETE "/books/2" for 127.0.0.1 at 2014-03-21 09:14:40 +0100
Processing by BooksController#destroy as HTML
  Parameters: {"authenticity_token"=>"j2ejYhUiUEnL/wKKVqeJaTsQci2/LHQOubf76bKGhI0=", "id"=>"2"}
  [1m[36mBook Load (0.8ms)[0m  [1mSELECT "books".* FROM "books" WHERE "books"."id" = ? LIMIT 1[0m  [["id", "2"]]
  [1m[35m (0.2ms)[0m  begin transaction
  [1m[36mSQL (1.6ms)[0m  [1mDELETE FROM "books" WHERE "books"."id" = ?[0m  [["id", 2]]
  [1m[35m (62.7ms)[0m  commit transaction
Redirected to http://localhost:3000/books
Completed 302 Found in 89ms (ActiveRecord: 65.3ms)


Started GET "/books" for 127.0.0.1 at 2014-03-21 09:14:41 +0100
Processing by BooksController#index as HTML
  [1m[36mBook Load (0.6ms)[0m  [1mSELECT "books".* FROM "books"[0m
  Rendered books/_book.html.erb (0.1ms)
  Rendered books/index.html.erb within layouts/application (11.3ms)
Completed 200 OK in 46ms (Views: 42.7ms | ActiveRecord: 0.6ms)


Started GET "/books/new" for 127.0.0.1 at 2014-03-21 09:16:05 +0100
Processing by BooksController#new as HTML
  Rendered books/_form.html.erb (38.8ms)
  Rendered books/new.html.erb within layouts/application (43.7ms)
Completed 200 OK in 64ms (Views: 61.9ms | ActiveRecord: 0.0ms)


Started POST "/books" for 127.0.0.1 at 2014-03-21 09:16:10 +0100
Processing by BooksController#create as HTML
  Parameters: {"utf8"=>"✓", "authenticity_token"=>"j2ejYhUiUEnL/wKKVqeJaTsQci2/LHQOubf76bKGhI0=", "book"=>{"cover"=>#<ActionDispatch::Http::UploadedFile:0x000000035cfeb0 @tempfile=#<Tempfile:/tmp/RackMultipart20140321-6617-1rcn3e7>, @original_filename="untitled.png", @content_type="image/png", @headers="Content-Disposition: form-data; name=\"book[cover]\"; filename=\"untitled.png\"\r\nContent-Type: image/png\r\n">, "cover_cache"=>"", "remote_cover_url"=>"", "author"=>"", "title"=>"", "isbn"=>"", "price"=>""}, "commit"=>"Create Book"}
  [1m[35m (0.4ms)[0m  begin transaction
  [1m[36mSQL (2.1ms)[0m  [1mINSERT INTO "books" ("author", "cover", "created_at", "isbn", "title", "updated_at") VALUES (?, ?, ?, ?, ?, ?)[0m  [["author", ""], ["cover", "untitled.png"], ["created_at", Fri, 21 Mar 2014 08:16:12 UTC +00:00], ["isbn", ""], ["title", ""], ["updated_at", Fri, 21 Mar 2014 08:16:12 UTC +00:00]]
  [1m[35m (116.1ms)[0m  commit transaction
Redirected to http://localhost:3000/books/3
Completed 302 Found in 1457ms (ActiveRecord: 118.7ms)


Started GET "/books/3" for 127.0.0.1 at 2014-03-21 09:16:12 +0100
Processing by BooksController#show as HTML
  Parameters: {"id"=>"3"}
  [1m[36mBook Load (0.6ms)[0m  [1mSELECT "books".* FROM "books" WHERE "books"."id" = ? LIMIT 1[0m  [["id", "3"]]
  Rendered books/show.html.erb within layouts/application (20.8ms)
Completed 200 OK in 49ms (Views: 40.7ms | ActiveRecord: 0.6ms)


Started GET "/books" for 127.0.0.1 at 2014-03-21 09:16:41 +0100
Processing by BooksController#index as HTML
  [1m[35mBook Load (0.9ms)[0m  SELECT "books".* FROM "books"
  Rendered books/_book.html.erb (6.2ms)
  Rendered books/index.html.erb within layouts/application (17.4ms)
Completed 200 OK in 44ms (Views: 41.0ms | ActiveRecord: 0.9ms)


Started GET "/books/3" for 127.0.0.1 at 2014-03-21 09:16:43 +0100
Processing by BooksController#show as HTML
  Parameters: {"id"=>"3"}
  [1m[36mBook Load (0.3ms)[0m  [1mSELECT "books".* FROM "books" WHERE "books"."id" = ? LIMIT 1[0m  [["id", "3"]]
  Rendered books/show.html.erb within layouts/application (10.5ms)
Completed 200 OK in 34ms (Views: 28.5ms | ActiveRecord: 0.3ms)


Started GET "/books/3" for 127.0.0.1 at 2014-03-21 09:17:23 +0100
Processing by BooksController#show as HTML
  Parameters: {"id"=>"3"}
  [1m[35mBook Load (0.6ms)[0m  SELECT "books".* FROM "books" WHERE "books"."id" = ? LIMIT 1  [["id", "3"]]
  Rendered books/show.html.erb within layouts/application (14.9ms)
Completed 200 OK in 43ms (Views: 35.9ms | ActiveRecord: 0.6ms)


Started GET "/books/3/crop" for 127.0.0.1 at 2014-03-21 09:17:29 +0100
Processing by BooksController#crop as HTML
  Parameters: {"id"=>"3"}
  [1m[36mBook Load (0.9ms)[0m  [1mSELECT "books".* FROM "books" WHERE "books"."id" = ? LIMIT 1[0m  [["id", "3"]]
  Rendered books/crop.html.erb within layouts/application (69.3ms)
Completed 200 OK in 111ms (Views: 103.7ms | ActiveRecord: 0.9ms)


Started PATCH "/books/3" for 127.0.0.1 at 2014-03-21 09:17:33 +0100
Processing by BooksController#update as HTML
  Parameters: {"utf8"=>"✓", "authenticity_token"=>"j2ejYhUiUEnL/wKKVqeJaTsQci2/LHQOubf76bKGhI0=", "book"=>{"crop_x"=>"0", "crop_y"=>"0", "crop_w"=>"200", "crop_h"=>"200"}, "commit"=>"Crop", "id"=>"3"}
  [1m[35mBook Load (0.4ms)[0m  SELECT "books".* FROM "books" WHERE "books"."id" = ? LIMIT 1  [["id", "3"]]
  [1m[36m (0.4ms)[0m  [1mbegin transaction[0m
  [1m[35m (0.3ms)[0m  commit transaction
Redirected to http://localhost:3000/books/3
Completed 302 Found in 602ms (ActiveRecord: 1.2ms)


Started GET "/books/3" for 127.0.0.1 at 2014-03-21 09:17:34 +0100
Processing by BooksController#show as HTML
  Parameters: {"id"=>"3"}
  [1m[36mBook Load (0.5ms)[0m  [1mSELECT "books".* FROM "books" WHERE "books"."id" = ? LIMIT 1[0m  [["id", "3"]]
  Rendered books/show.html.erb within layouts/application (6.0ms)
Completed 200 OK in 35ms (Views: 29.7ms | ActiveRecord: 0.5ms)


Started GET "/books" for 127.0.0.1 at 2014-03-21 09:17:37 +0100
Processing by BooksController#index as HTML
  [1m[35mBook Load (0.6ms)[0m  SELECT "books".* FROM "books"
  Rendered books/_book.html.erb (4.9ms)
  Rendered books/index.html.erb within layouts/application (12.4ms)
Completed 200 OK in 32ms (Views: 29.1ms | ActiveRecord: 0.6ms)


Started GET "/books/3" for 127.0.0.1 at 2014-03-21 09:17:41 +0100
Processing by BooksController#show as HTML
  Parameters: {"id"=>"3"}
  [1m[36mBook Load (0.5ms)[0m  [1mSELECT "books".* FROM "books" WHERE "books"."id" = ? LIMIT 1[0m  [["id", "3"]]
  Rendered books/show.html.erb within layouts/application (7.8ms)
Completed 200 OK in 32ms (Views: 28.2ms | ActiveRecord: 0.5ms)


Started GET "/books" for 127.0.0.1 at 2014-03-21 09:17:42 +0100
Processing by BooksController#index as HTML
  [1m[35mBook Load (0.6ms)[0m  SELECT "books".* FROM "books"
  Rendered books/_book.html.erb (9.0ms)
  Rendered books/index.html.erb within layouts/application (19.0ms)
Completed 200 OK in 49ms (Views: 45.2ms | ActiveRecord: 0.6ms)


Started GET "/books" for 127.0.0.1 at 2014-03-21 09:20:45 +0100
Processing by BooksController#index as HTML
  [1m[36mBook Load (1.8ms)[0m  [1mSELECT "books".* FROM "books"[0m
  Rendered books/_book.html.erb (10.5ms)
  Rendered books/index.html.erb within layouts/application (54.7ms)
Completed 200 OK in 91ms (Views: 69.8ms | ActiveRecord: 2.8ms)


Started GET "/books/3" for 127.0.0.1 at 2014-03-21 09:20:50 +0100
Processing by BooksController#show as HTML
  Parameters: {"id"=>"3"}
  [1m[35mBook Load (0.7ms)[0m  SELECT "books".* FROM "books" WHERE "books"."id" = ? LIMIT 1  [["id", "3"]]
  Rendered books/show.html.erb within layouts/application (7.4ms)
Completed 200 OK in 38ms (Views: 30.9ms | ActiveRecord: 0.7ms)


Started GET "/books/3/crop" for 127.0.0.1 at 2014-03-21 09:20:52 +0100
Processing by BooksController#crop as HTML
  Parameters: {"id"=>"3"}
  [1m[36mBook Load (0.7ms)[0m  [1mSELECT "books".* FROM "books" WHERE "books"."id" = ? LIMIT 1[0m  [["id", "3"]]
  Rendered books/crop.html.erb within layouts/application (50.7ms)
Completed 200 OK in 80ms (Views: 73.1ms | ActiveRecord: 0.7ms)


Started PATCH "/books/3/update_crop" for 127.0.0.1 at 2014-03-21 09:20:54 +0100
Processing by BooksController#update_crop as HTML
  Parameters: {"utf8"=>"✓", "authenticity_token"=>"j2ejYhUiUEnL/wKKVqeJaTsQci2/LHQOubf76bKGhI0=", "book"=>{"crop_x"=>"200", "crop_y"=>"0", "crop_w"=>"200", "crop_h"=>"200"}, "commit"=>"Crop", "id"=>"3"}
  [1m[35mBook Load (0.5ms)[0m  SELECT "books".* FROM "books" WHERE "books"."id" = ? LIMIT 1  [["id", "3"]]
  [1m[36m (0.2ms)[0m  [1mbegin transaction[0m
  [1m[35m (0.3ms)[0m  commit transaction
Redirected to http://localhost:3000/books
Completed 302 Found in 595ms (ActiveRecord: 1.0ms)


Started GET "/books" for 127.0.0.1 at 2014-03-21 09:20:54 +0100
Processing by BooksController#index as HTML
  [1m[36mBook Load (0.6ms)[0m  [1mSELECT "books".* FROM "books"[0m
  Rendered books/_book.html.erb (5.2ms)
  Rendered books/index.html.erb within layouts/application (13.8ms)
Completed 200 OK in 40ms (Views: 36.8ms | ActiveRecord: 0.6ms)


Started GET "/books" for 127.0.0.1 at 2014-03-21 09:21:00 +0100
Processing by BooksController#index as HTML
  [1m[35mBook Load (1.0ms)[0m  SELECT "books".* FROM "books"
  Rendered books/_book.html.erb (4.2ms)
  Rendered books/index.html.erb within layouts/application (13.7ms)
Completed 200 OK in 34ms (Views: 31.4ms | ActiveRecord: 1.0ms)


Started GET "/books" for 127.0.0.1 at 2014-03-21 09:21:01 +0100
Processing by BooksController#index as HTML
  [1m[36mBook Load (0.6ms)[0m  [1mSELECT "books".* FROM "books"[0m
  Rendered books/_book.html.erb (7.2ms)
  Rendered books/index.html.erb within layouts/application (17.4ms)
Completed 200 OK in 37ms (Views: 34.0ms | ActiveRecord: 0.6ms)


Started GET "/books/3" for 127.0.0.1 at 2014-03-21 09:21:21 +0100
Processing by BooksController#show as HTML
  Parameters: {"id"=>"3"}
  [1m[35mBook Load (0.5ms)[0m  SELECT "books".* FROM "books" WHERE "books"."id" = ? LIMIT 1  [["id", "3"]]
  Rendered books/show.html.erb within layouts/application (4.2ms)
Completed 200 OK in 32ms (Views: 24.2ms | ActiveRecord: 0.5ms)


Started GET "/books/3/crop" for 127.0.0.1 at 2014-03-21 09:21:23 +0100
Processing by BooksController#crop as HTML
  Parameters: {"id"=>"3"}
  [1m[36mBook Load (1.0ms)[0m  [1mSELECT "books".* FROM "books" WHERE "books"."id" = ? LIMIT 1[0m  [["id", "3"]]
  Rendered books/crop.html.erb within layouts/application (42.0ms)
Completed 200 OK in 74ms (Views: 65.8ms | ActiveRecord: 1.0ms)
